<?xml version="1.0" encoding="UTF-8"?>
<!-- Generated by org.testng.reporters.JUnitXMLReporter -->
<testsuite ignored="0" hostname="AHMs-MBP" failures="0" tests="4" name="Default test" time="24.003" errors="0" timestamp="2023-06-23T11:21:35 EDT">
  <testcase classname="io.cucumber.testng.AbstractTestNGCucumberTests" name="runScenario" time="9.654"/>
  <testcase classname="io.cucumber.testng.AbstractTestNGCucumberTests" name="runScenario" time="7.65"/>
  <testcase classname="io.cucumber.testng.AbstractTestNGCucumberTests" name="runScenario" time="6.031"/>
  <testcase classname="com.testrun.CucumberRunner" name="Test1" time="0.001"/>
</testsuite> <!-- Default test -->
