<?xml version="1.0" encoding="UTF-8"?>
<!-- Generated by org.testng.reporters.JUnitXMLReporter -->
<testsuite ignored="0" hostname="AHMs-MBP" failures="0" tests="4" name="Test" time="20.637" errors="0" timestamp="2023-06-23T12:16:01 EDT">
  <testcase classname="io.cucumber.testng.AbstractTestNGCucumberTests" name="runScenario" time="7.91"/>
  <testcase classname="io.cucumber.testng.AbstractTestNGCucumberTests" name="runScenario" time="6.134"/>
  <testcase classname="io.cucumber.testng.AbstractTestNGCucumberTests" name="runScenario" time="5.897"/>
  <testcase classname="com.testrun.CucumberRunner" name="Test1" time="0.001"/>
</testsuite> <!-- Test -->
