<?xml version="1.0" encoding="UTF-8"?>
<!-- Generated by org.testng.reporters.JUnitXMLReporter -->
<testsuite ignored="0" hostname="AHMs-MBP" failures="0" tests="4" name="Test" time="24.911" errors="0" timestamp="2023-06-24T18:56:47 EDT">
  <testcase classname="com.testrun.CucumberRunner" name="Test1" time="0.003"/>
  <testcase classname="io.cucumber.testng.AbstractTestNGCucumberTests" name="runScenario" time="11.601"/>
  <testcase classname="io.cucumber.testng.AbstractTestNGCucumberTests" name="runScenario" time="6.751"/>
  <testcase classname="io.cucumber.testng.AbstractTestNGCucumberTests" name="runScenario" time="5.84"/>
</testsuite> <!-- Test -->
