<?xml version="1.0" encoding="UTF-8"?>
<testng-results ignored="0" total="4" passed="4" failed="0" skipped="0">
  <reporter-output>
  </reporter-output>
  <suite started-at="2023-06-24T18:56:22 EDT" name="Suite" finished-at="2023-06-24T18:56:47 EDT" duration-ms="24911">
    <groups>
      <group name="cucumber">
        <method signature="AbstractTestNGCucumberTests.runScenario(io.cucumber.testng.PickleWrapper,io.cucumber.testng.FeatureWrapper)[pri:0, instance:com.testrun.CucumberRunner@7b36aa0c]" name="runScenario" class="io.cucumber.testng.AbstractTestNGCucumberTests"/>
      </group> <!-- cucumber -->
    </groups>
    <test started-at="2023-06-24T18:56:22 EDT" name="Test" finished-at="2023-06-24T18:56:47 EDT" duration-ms="24911">
      <class name="com.testrun.CucumberRunner">
        <test-method is-config="true" signature="setup()[pri:0, instance:com.testrun.CucumberRunner@7b36aa0c]" started-at="2023-06-24T18:56:22 EDT" name="setup" finished-at="2023-06-24T18:56:22 EDT" duration-ms="32" status="PASS">
          <reporter-output>
          </reporter-output>
        </test-method> <!-- setup -->
        <test-method is-config="true" signature="setUpClass(org.testng.ITestContext)[pri:0, instance:com.testrun.CucumberRunner@7b36aa0c]" started-at="2023-06-24T18:56:22 EDT" name="setUpClass" finished-at="2023-06-24T18:56:22 EDT" duration-ms="293" status="PASS">
          <params>
            <param index="0">
              <value>
                <![CDATA[org.testng.TestRunner@2fd72332]]>
              </value>
            </param>
          </params>
          <reporter-output>
          </reporter-output>
        </test-method> <!-- setUpClass -->
        <test-method signature="Test1()[pri:0, instance:com.testrun.CucumberRunner@7b36aa0c]" started-at="2023-06-24T18:56:22 EDT" name="Test1" finished-at="2023-06-24T18:56:22 EDT" duration-ms="3" status="PASS">
          <reporter-output>
          </reporter-output>
        </test-method> <!-- Test1 -->
        <test-method is-config="true" signature="tearDown()[pri:0, instance:com.testrun.CucumberRunner@7b36aa0c]" started-at="2023-06-24T18:56:22 EDT" name="tearDown" finished-at="2023-06-24T18:56:22 EDT" duration-ms="0" status="PASS">
          <reporter-output>
          </reporter-output>
        </test-method> <!-- tearDown -->
        <test-method signature="runScenario(io.cucumber.testng.PickleWrapper,io.cucumber.testng.FeatureWrapper)[pri:0, instance:com.testrun.CucumberRunner@7b36aa0c]" started-at="2023-06-24T18:56:22 EDT" name="runScenario" description="Runs Cucumber Scenarios" data-provider="scenarios" finished-at="2023-06-24T18:56:34 EDT" duration-ms="11601" status="PASS">
          <params>
            <param index="0">
              <value>
                <![CDATA["Check login with valid credentials"]]>
              </value>
            </param>
            <param index="1">
              <value>
                <![CDATA["Login function test"]]>
              </value>
            </param>
          </params>
          <reporter-output>
          </reporter-output>
        </test-method> <!-- runScenario -->
        <test-method is-config="true" signature="tearDown()[pri:0, instance:com.testrun.CucumberRunner@7b36aa0c]" started-at="2023-06-24T18:56:34 EDT" name="tearDown" finished-at="2023-06-24T18:56:34 EDT" duration-ms="1" status="PASS">
          <reporter-output>
          </reporter-output>
        </test-method> <!-- tearDown -->
        <test-method signature="runScenario(io.cucumber.testng.PickleWrapper,io.cucumber.testng.FeatureWrapper)[pri:0, instance:com.testrun.CucumberRunner@7b36aa0c]" started-at="2023-06-24T18:56:34 EDT" name="runScenario" description="Runs Cucumber Scenarios" data-provider="scenarios" finished-at="2023-06-24T18:56:41 EDT" duration-ms="6751" status="PASS">
          <params>
            <param index="0">
              <value>
                <![CDATA["Check login with invalid credentials"]]>
              </value>
            </param>
            <param index="1">
              <value>
                <![CDATA["Login function test"]]>
              </value>
            </param>
          </params>
          <reporter-output>
          </reporter-output>
        </test-method> <!-- runScenario -->
        <test-method is-config="true" signature="tearDown()[pri:0, instance:com.testrun.CucumberRunner@7b36aa0c]" started-at="2023-06-24T18:56:41 EDT" name="tearDown" finished-at="2023-06-24T18:56:41 EDT" duration-ms="0" status="PASS">
          <reporter-output>
          </reporter-output>
        </test-method> <!-- tearDown -->
        <test-method signature="runScenario(io.cucumber.testng.PickleWrapper,io.cucumber.testng.FeatureWrapper)[pri:0, instance:com.testrun.CucumberRunner@7b36aa0c]" started-at="2023-06-24T18:56:41 EDT" name="runScenario" description="Runs Cucumber Scenarios" data-provider="scenarios" finished-at="2023-06-24T18:56:47 EDT" duration-ms="5840" status="PASS">
          <params>
            <param index="0">
              <value>
                <![CDATA["Check login with null credentials"]]>
              </value>
            </param>
            <param index="1">
              <value>
                <![CDATA["Login function test"]]>
              </value>
            </param>
          </params>
          <reporter-output>
          </reporter-output>
        </test-method> <!-- runScenario -->
        <test-method is-config="true" signature="tearDown()[pri:0, instance:com.testrun.CucumberRunner@7b36aa0c]" started-at="2023-06-24T18:56:47 EDT" name="tearDown" finished-at="2023-06-24T18:56:47 EDT" duration-ms="1" status="PASS">
          <reporter-output>
          </reporter-output>
        </test-method> <!-- tearDown -->
        <test-method is-config="true" signature="tearDownClass()[pri:0, instance:com.testrun.CucumberRunner@7b36aa0c]" started-at="2023-06-24T18:56:47 EDT" name="tearDownClass" finished-at="2023-06-24T18:56:47 EDT" duration-ms="294" status="PASS">
          <reporter-output>
          </reporter-output>
        </test-method> <!-- tearDownClass -->
        <test-method is-config="true" signature="tearDown()[pri:0, instance:com.testrun.CucumberRunner@7b36aa0c]" started-at="2023-06-24T18:56:47 EDT" name="tearDown" finished-at="2023-06-24T18:56:47 EDT" duration-ms="5" status="PASS">
          <reporter-output>
          </reporter-output>
        </test-method> <!-- tearDown -->
      </class> <!-- com.testrun.CucumberRunner -->
    </test> <!-- Test -->
  </suite> <!-- Suite -->
</testng-results>
