<?xml version="1.0" encoding="UTF-8"?>
<testng-results ignored="0" total="4" passed="4" failed="0" skipped="0">
  <reporter-output>
  </reporter-output>
  <suite started-at="2023-06-24T21:22:42 EDT" name="Suite" finished-at="2023-06-24T21:23:05 EDT" duration-ms="22793">
    <groups>
      <group name="cucumber">
        <method signature="AbstractTestNGCucumberTests.runScenario(io.cucumber.testng.PickleWrapper,io.cucumber.testng.FeatureWrapper)[pri:0, instance:com.testrun.CucumberRunner@7b36aa0c]" name="runScenario" class="io.cucumber.testng.AbstractTestNGCucumberTests"/>
      </group> <!-- cucumber -->
    </groups>
    <test started-at="2023-06-24T21:22:42 EDT" name="Test" finished-at="2023-06-24T21:23:05 EDT" duration-ms="22793">
      <class name="com.testrun.CucumberRunner">
        <test-method is-config="true" signature="setup()[pri:0, instance:com.testrun.CucumberRunner@7b36aa0c]" started-at="2023-06-24T21:22:42 EDT" name="setup" finished-at="2023-06-24T21:22:42 EDT" duration-ms="30" status="PASS">
          <reporter-output>
          </reporter-output>
        </test-method> <!-- setup -->
        <test-method is-config="true" signature="setUpClass(org.testng.ITestContext)[pri:0, instance:com.testrun.CucumberRunner@7b36aa0c]" started-at="2023-06-24T21:22:42 EDT" name="setUpClass" finished-at="2023-06-24T21:22:42 EDT" duration-ms="269" status="PASS">
          <params>
            <param index="0">
              <value>
                <![CDATA[org.testng.TestRunner@649f25f3]]>
              </value>
            </param>
          </params>
          <reporter-output>
          </reporter-output>
        </test-method> <!-- setUpClass -->
        <test-method signature="Test1()[pri:0, instance:com.testrun.CucumberRunner@7b36aa0c]" started-at="2023-06-24T21:22:42 EDT" name="Test1" finished-at="2023-06-24T21:22:42 EDT" duration-ms="3" status="PASS">
          <reporter-output>
          </reporter-output>
        </test-method> <!-- Test1 -->
        <test-method is-config="true" signature="tearDown()[pri:0, instance:com.testrun.CucumberRunner@7b36aa0c]" started-at="2023-06-24T21:22:42 EDT" name="tearDown" finished-at="2023-06-24T21:22:42 EDT" duration-ms="0" status="PASS">
          <reporter-output>
          </reporter-output>
        </test-method> <!-- tearDown -->
        <test-method signature="runScenario(io.cucumber.testng.PickleWrapper,io.cucumber.testng.FeatureWrapper)[pri:0, instance:com.testrun.CucumberRunner@7b36aa0c]" started-at="2023-06-24T21:22:42 EDT" name="runScenario" description="Runs Cucumber Scenarios" data-provider="scenarios" finished-at="2023-06-24T21:22:52 EDT" duration-ms="9626" status="PASS">
          <params>
            <param index="0">
              <value>
                <![CDATA["Check login with valid credentials"]]>
              </value>
            </param>
            <param index="1">
              <value>
                <![CDATA["Login function test"]]>
              </value>
            </param>
          </params>
          <reporter-output>
          </reporter-output>
        </test-method> <!-- runScenario -->
        <test-method is-config="true" signature="tearDown()[pri:0, instance:com.testrun.CucumberRunner@7b36aa0c]" started-at="2023-06-24T21:22:52 EDT" name="tearDown" finished-at="2023-06-24T21:22:52 EDT" duration-ms="1" status="PASS">
          <reporter-output>
          </reporter-output>
        </test-method> <!-- tearDown -->
        <test-method signature="runScenario(io.cucumber.testng.PickleWrapper,io.cucumber.testng.FeatureWrapper)[pri:0, instance:com.testrun.CucumberRunner@7b36aa0c]" started-at="2023-06-24T21:22:52 EDT" name="runScenario" description="Runs Cucumber Scenarios" data-provider="scenarios" finished-at="2023-06-24T21:22:59 EDT" duration-ms="6691" status="PASS">
          <params>
            <param index="0">
              <value>
                <![CDATA["Check login with invalid credentials"]]>
              </value>
            </param>
            <param index="1">
              <value>
                <![CDATA["Login function test"]]>
              </value>
            </param>
          </params>
          <reporter-output>
          </reporter-output>
        </test-method> <!-- runScenario -->
        <test-method is-config="true" signature="tearDown()[pri:0, instance:com.testrun.CucumberRunner@7b36aa0c]" started-at="2023-06-24T21:22:59 EDT" name="tearDown" finished-at="2023-06-24T21:22:59 EDT" duration-ms="1" status="PASS">
          <reporter-output>
          </reporter-output>
        </test-method> <!-- tearDown -->
        <test-method signature="runScenario(io.cucumber.testng.PickleWrapper,io.cucumber.testng.FeatureWrapper)[pri:0, instance:com.testrun.CucumberRunner@7b36aa0c]" started-at="2023-06-24T21:22:59 EDT" name="runScenario" description="Runs Cucumber Scenarios" data-provider="scenarios" finished-at="2023-06-24T21:23:05 EDT" duration-ms="5812" status="PASS">
          <params>
            <param index="0">
              <value>
                <![CDATA["Check login with null credentials"]]>
              </value>
            </param>
            <param index="1">
              <value>
                <![CDATA["Login function test"]]>
              </value>
            </param>
          </params>
          <reporter-output>
          </reporter-output>
        </test-method> <!-- runScenario -->
        <test-method is-config="true" signature="tearDown()[pri:0, instance:com.testrun.CucumberRunner@7b36aa0c]" started-at="2023-06-24T21:23:05 EDT" name="tearDown" finished-at="2023-06-24T21:23:05 EDT" duration-ms="1" status="PASS">
          <reporter-output>
          </reporter-output>
        </test-method> <!-- tearDown -->
        <test-method is-config="true" signature="tearDownClass()[pri:0, instance:com.testrun.CucumberRunner@7b36aa0c]" started-at="2023-06-24T21:23:05 EDT" name="tearDownClass" finished-at="2023-06-24T21:23:05 EDT" duration-ms="276" status="PASS">
          <reporter-output>
          </reporter-output>
        </test-method> <!-- tearDownClass -->
        <test-method is-config="true" signature="tearDown()[pri:0, instance:com.testrun.CucumberRunner@7b36aa0c]" started-at="2023-06-24T21:23:05 EDT" name="tearDown" finished-at="2023-06-24T21:23:05 EDT" duration-ms="5" status="PASS">
          <reporter-output>
          </reporter-output>
        </test-method> <!-- tearDown -->
      </class> <!-- com.testrun.CucumberRunner -->
    </test> <!-- Test -->
  </suite> <!-- Suite -->
</testng-results>
